\BOOKMARK [0][-]{chapter.1}{\376\377\000I\000n\000t\000r\000o\000d\000u\000c\000c\000i\000\363\000n}{}% 1
\BOOKMARK [0][-]{chapter.2}{\376\377\000O\000b\000j\000e\000t\000i\000v\000o\000s}{}% 2
\BOOKMARK [0][-]{chapter.3}{\376\377\000I\000n\000f\000r\000a\000e\000s\000t\000r\000u\000c\000t\000u\000r\000a}{}% 3
\BOOKMARK [1][-]{section.3.1}{\376\377\000E\000n\000t\000o\000r\000n\000o}{chapter.3}% 4
\BOOKMARK [1][-]{section.3.2}{\376\377\000H\000a\000r\000d\000w\000a\000r\000e}{chapter.3}% 5
\BOOKMARK [2][-]{subsection.3.2.1}{\376\377\000P\000l\000a\000c\000a\000\040\000A\000r\000d\000u\000i\000n\000o}{section.3.2}% 6
\BOOKMARK [2][-]{subsection.3.2.2}{\376\377\000M\000B\000o\000t}{section.3.2}% 7
\BOOKMARK [3][-]{subsubsection.3.2.2.1}{\376\377\000S\000e\000n\000s\000o\000r\000e\000s}{subsection.3.2.2}% 8
\BOOKMARK [3][-]{subsubsection.3.2.2.2}{\376\377\000A\000c\000t\000u\000a\000d\000o\000r\000e\000s}{subsection.3.2.2}% 9
\BOOKMARK [1][-]{section.3.3}{\376\377\000S\000o\000f\000t\000w\000a\000r\000e}{chapter.3}% 10
\BOOKMARK [2][-]{subsection.3.3.1}{\376\377\000S\000c\000r\000a\000t\000c\000h\000\040\000y\000\040\000m\000B\000l\000o\000c\000k}{section.3.3}% 11
\BOOKMARK [2][-]{subsection.3.3.2}{\376\377\000A\000r\000d\000u\000i\000n\000o}{section.3.3}% 12
\BOOKMARK [2][-]{subsection.3.3.3}{\376\377\000P\000y\000t\000h\000o\000n}{section.3.3}% 13
\BOOKMARK [0][-]{chapter.4}{\376\377\000P\000l\000a\000t\000a\000f\000o\000r\000m\000a\000\040\000P\000y\000B\000o\000K\000i\000d\000s}{}% 14
\BOOKMARK [1][-]{section.4.1}{\376\377\000D\000i\000s\000e\000\361\000o}{chapter.4}% 15
\BOOKMARK [1][-]{section.4.2}{\376\377\000P\000r\000o\000g\000r\000a\000m\000a\000\040\000r\000e\000s\000i\000d\000e\000n\000t\000e}{chapter.4}% 16
\BOOKMARK [1][-]{section.4.3}{\376\377\000R\000e\000s\000u\000l\000t\000a\000d\000o\000:\000\040\000p\000r\000o\000g\000r\000a\000m\000a\000\040\000P\000C\000\040\000y\000\040\000p\000r\000o\000g\000r\000a\000m\000a\000\040\000r\000e\000s\000i\000d\000e\000n\000t\000e}{chapter.4}% 17
\BOOKMARK [0][-]{chapter.5}{\376\377\000A\000p\000l\000i\000c\000a\000c\000i\000\363\000n\000\040\000e\000d\000u\000c\000a\000t\000i\000v\000a}{}% 18
\BOOKMARK [0][-]{chapter.6}{\376\377\000C\000o\000n\000c\000l\000u\000s\000i\000o\000n\000e\000s}{}% 19
\BOOKMARK [0][-]{chapter*.17}{\376\377\000B\000i\000b\000l\000i\000o\000g\000r\000a\000f\000\355\000a}{}% 20
