This is pdfTeX, Version 3.141592653-2.6-1.40.24 (MiKTeX 22.3) (preloaded format=pdflatex 2022.6.5)  6 JUL 2022 09:59
entering extended mode
 restricted \write18 enabled.
 %&-line parsing enabled.
**./slides.tex
(slides.tex
LaTeX2e <2021-11-15> patch level 1
L3 programming layer <2022-02-24>
(C:\Users\eva.garcia.domingo\AppData\Local\Programs\MiKTeX\tex/latex/beamer\bea
mer.cls
Document Class: beamer 2022/05/17 v3.67 A class for typesetting presentations

(C:\Users\eva.garcia.domingo\AppData\Local\Programs\MiKTeX\tex/latex/beamer\bea
merbasemodes.sty
(C:\Users\eva.garcia.domingo\AppData\Local\Programs\MiKTeX\tex/latex/etoolbox\e
toolbox.sty
Package: etoolbox 2020/10/05 v2.5k e-TeX tools for LaTeX (JAW)
\etb@tempcnta=\count185
)
\beamer@tempbox=\box50
\beamer@tempcount=\count186
\c@beamerpauses=\count187

(C:\Users\eva.garcia.domingo\AppData\Local\Programs\MiKTeX\tex/latex/beamer\bea
merbasedecode.sty
\beamer@slideinframe=\count188
\beamer@minimum=\count189
\beamer@decode@box=\box51
)
\beamer@commentbox=\box52
\beamer@modecount=\count190
)
(C:\Users\eva.garcia.domingo\AppData\Local\Programs\MiKTeX\tex/generic/iftex\if
tex.sty
Package: iftex 2022/02/03 v1.0f TeX engine tests
)
\headdp=\dimen138
\footheight=\dimen139
\sidebarheight=\dimen140
\beamer@tempdim=\dimen141
\beamer@finalheight=\dimen142
\beamer@animht=\dimen143
\beamer@animdp=\dimen144
\beamer@animwd=\dimen145
\beamer@leftmargin=\dimen146
\beamer@rightmargin=\dimen147
\beamer@leftsidebar=\dimen148
\beamer@rightsidebar=\dimen149
\beamer@boxsize=\dimen150
\beamer@vboxoffset=\dimen151
\beamer@descdefault=\dimen152
\beamer@descriptionwidth=\dimen153
\beamer@lastskip=\skip47
\beamer@areabox=\box53
\beamer@animcurrent=\box54
\beamer@animshowbox=\box55
\beamer@sectionbox=\box56
\beamer@logobox=\box57
\beamer@linebox=\box58
\beamer@sectioncount=\count191
\beamer@subsubsectionmax=\count192
\beamer@subsectionmax=\count193
\beamer@sectionmax=\count194
\beamer@totalheads=\count195
\beamer@headcounter=\count196
\beamer@partstartpage=\count197
\beamer@sectionstartpage=\count198
\beamer@subsectionstartpage=\count199
\beamer@animationtempa=\count266
\beamer@animationtempb=\count267
\beamer@xpos=\count268
\beamer@ypos=\count269
\beamer@ypos@offset=\count270
\beamer@showpartnumber=\count271
\beamer@currentsubsection=\count272
\beamer@coveringdepth=\count273
\beamer@sectionadjust=\count274
\beamer@toclastsection=\count275
\beamer@tocsectionnumber=\count276

(C:\Users\eva.garcia.domingo\AppData\Local\Programs\MiKTeX\tex/latex/beamer\bea
merbaseoptions.sty
(C:\Users\eva.garcia.domingo\AppData\Local\Programs\MiKTeX\tex/latex/graphics\k
eyval.sty
Package: keyval 2014/10/28 v1.15 key=value parser (DPC)
\KV@toks@=\toks16
))
\beamer@paperwidth=\skip48
\beamer@paperheight=\skip49

(C:\Users\eva.garcia.domingo\AppData\Local\Programs\MiKTeX\tex/latex/geometry\g
eometry.sty
Package: geometry 2020/01/02 v5.9 Page Geometry

(C:\Users\eva.garcia.domingo\AppData\Local\Programs\MiKTeX\tex/generic/iftex\if
vtex.sty
Package: ifvtex 2019/10/25 v1.7 ifvtex legacy package. Use iftex instead.
)
\Gm@cnth=\count277
\Gm@cntv=\count278
\c@Gm@tempcnt=\count279
\Gm@bindingoffset=\dimen154
\Gm@wd@mp=\dimen155
\Gm@odd@mp=\dimen156
\Gm@even@mp=\dimen157
\Gm@layoutwidth=\dimen158
\Gm@layoutheight=\dimen159
\Gm@layouthoffset=\dimen160
\Gm@layoutvoffset=\dimen161
\Gm@dimlist=\toks17

(C:\Users\eva.garcia.domingo\AppData\Local\Programs\MiKTeX\tex/latex/geometry\g
eometry.cfg))
(C:\Users\eva.garcia.domingo\AppData\Local\Programs\MiKTeX\tex/latex/pgf/math\p
gfmath.sty
(C:\Users\eva.garcia.domingo\AppData\Local\Programs\MiKTeX\tex/latex/pgf/utilit
ies\pgfrcs.sty
(C:\Users\eva.garcia.domingo\AppData\Local\Programs\MiKTeX\tex/generic/pgf/util
ities\pgfutil-common.tex
\pgfutil@everybye=\toks18
\pgfutil@tempdima=\dimen162
\pgfutil@tempdimb=\dimen163

(C:\Users\eva.garcia.domingo\AppData\Local\Programs\MiKTeX\tex/generic/pgf/util
ities\pgfutil-common-lists.tex))
(C:\Users\eva.garcia.domingo\AppData\Local\Programs\MiKTeX\tex/generic/pgf/util
ities\pgfutil-latex.def
\pgfutil@abb=\box59
)
(C:\Users\eva.garcia.domingo\AppData\Local\Programs\MiKTeX\tex/generic/pgf/util
ities\pgfrcs.code.tex
(C:\Users\eva.garcia.domingo\AppData\Local\Programs\MiKTeX\tex/generic/pgf\pgf.
revision.tex)
Package: pgfrcs 2021/05/15 v3.1.9a (3.1.9a)
))
(C:\Users\eva.garcia.domingo\AppData\Local\Programs\MiKTeX\tex/latex/pgf/utilit
ies\pgfkeys.sty
(C:\Users\eva.garcia.domingo\AppData\Local\Programs\MiKTeX\tex/generic/pgf/util
ities\pgfkeys.code.tex
\pgfkeys@pathtoks=\toks19
\pgfkeys@temptoks=\toks20

(C:\Users\eva.garcia.domingo\AppData\Local\Programs\MiKTeX\tex/generic/pgf/util
ities\pgfkeysfiltered.code.tex
\pgfkeys@tmptoks=\toks21
)))
(C:\Users\eva.garcia.domingo\AppData\Local\Programs\MiKTeX\tex/generic/pgf/math
\pgfmath.code.tex
(C:\Users\eva.garcia.domingo\AppData\Local\Programs\MiKTeX\tex/generic/pgf/math
\pgfmathcalc.code.tex
(C:\Users\eva.garcia.domingo\AppData\Local\Programs\MiKTeX\tex/generic/pgf/math
\pgfmathutil.code.tex
\pgf@x=\dimen164
\pgf@xa=\dimen165
\pgf@xb=\dimen166
\pgf@xc=\dimen167
\pgf@y=\dimen168
\pgf@ya=\dimen169
\pgf@yb=\dimen170
\pgf@yc=\dimen171
\c@pgf@counta=\count280
\c@pgf@countb=\count281
\c@pgf@countc=\count282
\c@pgf@countd=\count283
)
(C:\Users\eva.garcia.domingo\AppData\Local\Programs\MiKTeX\tex/generic/pgf/math
\pgfmathparser.code.tex
\pgfmath@dimen=\dimen172
\pgfmath@count=\count284
\pgfmath@box=\box60
\pgfmath@toks=\toks22
\pgfmath@stack@operand=\toks23
\pgfmath@stack@operation=\toks24
)
(C:\Users\eva.garcia.domingo\AppData\Local\Programs\MiKTeX\tex/generic/pgf/math
\pgfmathfunctions.code.tex
(C:\Users\eva.garcia.domingo\AppData\Local\Programs\MiKTeX\tex/generic/pgf/math
\pgfmathfunctions.basic.code.tex)
(C:\Users\eva.garcia.domingo\AppData\Local\Programs\MiKTeX\tex/generic/pgf/math
\pgfmathfunctions.trigonometric.code.tex)
(C:\Users\eva.garcia.domingo\AppData\Local\Programs\MiKTeX\tex/generic/pgf/math
\pgfmathfunctions.random.code.tex)
(C:\Users\eva.garcia.domingo\AppData\Local\Programs\MiKTeX\tex/generic/pgf/math
\pgfmathfunctions.comparison.code.tex)
(C:\Users\eva.garcia.domingo\AppData\Local\Programs\MiKTeX\tex/generic/pgf/math
\pgfmathfunctions.base.code.tex)
(C:\Users\eva.garcia.domingo\AppData\Local\Programs\MiKTeX\tex/generic/pgf/math
\pgfmathfunctions.round.code.tex)
(C:\Users\eva.garcia.domingo\AppData\Local\Programs\MiKTeX\tex/generic/pgf/math
\pgfmathfunctions.misc.code.tex)
(C:\Users\eva.garcia.domingo\AppData\Local\Programs\MiKTeX\tex/generic/pgf/math
\pgfmathfunctions.integerarithmetics.code.tex)))
(C:\Users\eva.garcia.domingo\AppData\Local\Programs\MiKTeX\tex/generic/pgf/math
\pgfmathfloat.code.tex
\c@pgfmathroundto@lastzeros=\count285
)))
(C:\Users\eva.garcia.domingo\AppData\Local\Programs\MiKTeX\tex/latex/base\size1
1.clo
File: size11.clo 2021/10/04 v1.4n Standard LaTeX file (size option)
)
(C:\Users\eva.garcia.domingo\AppData\Local\Programs\MiKTeX\tex/latex/pgf/basicl
ayer\pgfcore.sty
(C:\Users\eva.garcia.domingo\AppData\Local\Programs\MiKTeX\tex/latex/graphics\g
raphicx.sty
Package: graphicx 2021/09/16 v1.2d Enhanced LaTeX Graphics (DPC,SPQR)

(C:\Users\eva.garcia.domingo\AppData\Local\Programs\MiKTeX\tex/latex/graphics\g
raphics.sty
Package: graphics 2021/03/04 v1.4d Standard LaTeX Graphics (DPC,SPQR)

(C:\Users\eva.garcia.domingo\AppData\Local\Programs\MiKTeX\tex/latex/graphics\t
rig.sty
Package: trig 2021/08/11 v1.11 sin cos tan (DPC)
)
(C:\Users\eva.garcia.domingo\AppData\Local\Programs\MiKTeX\tex/latex/graphics-c
fg\graphics.cfg
File: graphics.cfg 2016/06/04 v1.11 sample graphics configuration
)
Package graphics Info: Driver file: pdftex.def on input line 107.

(C:\Users\eva.garcia.domingo\AppData\Local\Programs\MiKTeX\tex/latex/graphics-d
ef\pdftex.def
File: pdftex.def 2020/10/05 v1.2a Graphics/color driver for pdftex
))
\Gin@req@height=\dimen173
\Gin@req@width=\dimen174
)
(C:\Users\eva.garcia.domingo\AppData\Local\Programs\MiKTeX\tex/latex/pgf/system
layer\pgfsys.sty
(C:\Users\eva.garcia.domingo\AppData\Local\Programs\MiKTeX\tex/generic/pgf/syst
emlayer\pgfsys.code.tex
Package: pgfsys 2021/05/15 v3.1.9a (3.1.9a)

(C:\Users\eva.garcia.domingo\AppData\Local\Programs\MiKTeX\tex/generic/pgf/util
ities\pgfkeys.code.tex)
\pgf@x=\dimen175
\pgf@y=\dimen176
\pgf@xa=\dimen177
\pgf@ya=\dimen178
\pgf@xb=\dimen179
\pgf@yb=\dimen180
\pgf@xc=\dimen181
\pgf@yc=\dimen182
\pgf@xd=\dimen183
\pgf@yd=\dimen184
\w@pgf@writea=\write3
\r@pgf@reada=\read2
\c@pgf@counta=\count286
\c@pgf@countb=\count287
\c@pgf@countc=\count288
\c@pgf@countd=\count289
\t@pgf@toka=\toks25
\t@pgf@tokb=\toks26
\t@pgf@tokc=\toks27
\pgf@sys@id@count=\count290

(C:\Users\eva.garcia.domingo\AppData\Local\Programs\MiKTeX\tex/generic/pgf/syst
emlayer\pgf.cfg
File: pgf.cfg 2021/05/15 v3.1.9a (3.1.9a)
)
Driver file for pgf: pgfsys-pdftex.def

(C:\Users\eva.garcia.domingo\AppData\Local\Programs\MiKTeX\tex/generic/pgf/syst
emlayer\pgfsys-pdftex.def
File: pgfsys-pdftex.def 2021/05/15 v3.1.9a (3.1.9a)

(C:\Users\eva.garcia.domingo\AppData\Local\Programs\MiKTeX\tex/generic/pgf/syst
emlayer\pgfsys-common-pdf.def
File: pgfsys-common-pdf.def 2021/05/15 v3.1.9a (3.1.9a)
)))
(C:\Users\eva.garcia.domingo\AppData\Local\Programs\MiKTeX\tex/generic/pgf/syst
emlayer\pgfsyssoftpath.code.tex
File: pgfsyssoftpath.code.tex 2021/05/15 v3.1.9a (3.1.9a)
\pgfsyssoftpath@smallbuffer@items=\count291
\pgfsyssoftpath@bigbuffer@items=\count292
)
(C:\Users\eva.garcia.domingo\AppData\Local\Programs\MiKTeX\tex/generic/pgf/syst
emlayer\pgfsysprotocol.code.tex
File: pgfsysprotocol.code.tex 2021/05/15 v3.1.9a (3.1.9a)
))
(C:\Users\eva.garcia.domingo\AppData\Local\Programs\MiKTeX\tex/latex/xcolor\xco
lor.sty
Package: xcolor 2021/10/31 v2.13 LaTeX color extensions (UK)

(C:\Users\eva.garcia.domingo\AppData\Local\Programs\MiKTeX\tex/latex/graphics-c
fg\color.cfg
File: color.cfg 2016/01/02 v1.6 sample color configuration
)
Package xcolor Info: Driver file: pdftex.def on input line 227.
Package xcolor Info: Model `cmy' substituted by `cmy0' on input line 1352.
Package xcolor Info: Model `hsb' substituted by `rgb' on input line 1356.
Package xcolor Info: Model `RGB' extended on input line 1368.
Package xcolor Info: Model `HTML' substituted by `rgb' on input line 1370.
Package xcolor Info: Model `Hsb' substituted by `hsb' on input line 1371.
Package xcolor Info: Model `tHsb' substituted by `hsb' on input line 1372.
Package xcolor Info: Model `HSB' substituted by `hsb' on input line 1373.
Package xcolor Info: Model `Gray' substituted by `gray' on input line 1374.
Package xcolor Info: Model `wave' substituted by `hsb' on input line 1375.
)
(C:\Users\eva.garcia.domingo\AppData\Local\Programs\MiKTeX\tex/generic/pgf/basi
clayer\pgfcore.code.tex
Package: pgfcore 2021/05/15 v3.1.9a (3.1.9a)

(C:\Users\eva.garcia.domingo\AppData\Local\Programs\MiKTeX\tex/generic/pgf/math
\pgfmath.code.tex)
(C:\Users\eva.garcia.domingo\AppData\Local\Programs\MiKTeX\tex/generic/pgf/math
\pgfint.code.tex)
(C:\Users\eva.garcia.domingo\AppData\Local\Programs\MiKTeX\tex/generic/pgf/basi
clayer\pgfcorepoints.code.tex
File: pgfcorepoints.code.tex 2021/05/15 v3.1.9a (3.1.9a)
\pgf@picminx=\dimen185
\pgf@picmaxx=\dimen186
\pgf@picminy=\dimen187
\pgf@picmaxy=\dimen188
\pgf@pathminx=\dimen189
\pgf@pathmaxx=\dimen190
\pgf@pathminy=\dimen191
\pgf@pathmaxy=\dimen192
\pgf@xx=\dimen193
\pgf@xy=\dimen194
\pgf@yx=\dimen195
\pgf@yy=\dimen196
\pgf@zx=\dimen197
\pgf@zy=\dimen198
)
(C:\Users\eva.garcia.domingo\AppData\Local\Programs\MiKTeX\tex/generic/pgf/basi
clayer\pgfcorepathconstruct.code.tex
File: pgfcorepathconstruct.code.tex 2021/05/15 v3.1.9a (3.1.9a)
\pgf@path@lastx=\dimen199
\pgf@path@lasty=\dimen256
)
(C:\Users\eva.garcia.domingo\AppData\Local\Programs\MiKTeX\tex/generic/pgf/basi
clayer\pgfcorepathusage.code.tex
File: pgfcorepathusage.code.tex 2021/05/15 v3.1.9a (3.1.9a)
\pgf@shorten@end@additional=\dimen257
\pgf@shorten@start@additional=\dimen258
)
(C:\Users\eva.garcia.domingo\AppData\Local\Programs\MiKTeX\tex/generic/pgf/basi
clayer\pgfcorescopes.code.tex
File: pgfcorescopes.code.tex 2021/05/15 v3.1.9a (3.1.9a)
\pgfpic=\box61
\pgf@hbox=\box62
\pgf@layerbox@main=\box63
\pgf@picture@serial@count=\count293
)
(C:\Users\eva.garcia.domingo\AppData\Local\Programs\MiKTeX\tex/generic/pgf/basi
clayer\pgfcoregraphicstate.code.tex
File: pgfcoregraphicstate.code.tex 2021/05/15 v3.1.9a (3.1.9a)
\pgflinewidth=\dimen259
)
(C:\Users\eva.garcia.domingo\AppData\Local\Programs\MiKTeX\tex/generic/pgf/basi
clayer\pgfcoretransformations.code.tex
File: pgfcoretransformations.code.tex 2021/05/15 v3.1.9a (3.1.9a)
\pgf@pt@x=\dimen260
\pgf@pt@y=\dimen261
\pgf@pt@temp=\dimen262
)
(C:\Users\eva.garcia.domingo\AppData\Local\Programs\MiKTeX\tex/generic/pgf/basi
clayer\pgfcorequick.code.tex
File: pgfcorequick.code.tex 2021/05/15 v3.1.9a (3.1.9a)
)
(C:\Users\eva.garcia.domingo\AppData\Local\Programs\MiKTeX\tex/generic/pgf/basi
clayer\pgfcoreobjects.code.tex
File: pgfcoreobjects.code.tex 2021/05/15 v3.1.9a (3.1.9a)
)
(C:\Users\eva.garcia.domingo\AppData\Local\Programs\MiKTeX\tex/generic/pgf/basi
clayer\pgfcorepathprocessing.code.tex
File: pgfcorepathprocessing.code.tex 2021/05/15 v3.1.9a (3.1.9a)
)
(C:\Users\eva.garcia.domingo\AppData\Local\Programs\MiKTeX\tex/generic/pgf/basi
clayer\pgfcorearrows.code.tex
File: pgfcorearrows.code.tex 2021/05/15 v3.1.9a (3.1.9a)
\pgfarrowsep=\dimen263
)
(C:\Users\eva.garcia.domingo\AppData\Local\Programs\MiKTeX\tex/generic/pgf/basi
clayer\pgfcoreshade.code.tex
File: pgfcoreshade.code.tex 2021/05/15 v3.1.9a (3.1.9a)
\pgf@max=\dimen264
\pgf@sys@shading@range@num=\count294
\pgf@shadingcount=\count295
)
(C:\Users\eva.garcia.domingo\AppData\Local\Programs\MiKTeX\tex/generic/pgf/basi
clayer\pgfcoreimage.code.tex
File: pgfcoreimage.code.tex 2021/05/15 v3.1.9a (3.1.9a)

(C:\Users\eva.garcia.domingo\AppData\Local\Programs\MiKTeX\tex/generic/pgf/basi
clayer\pgfcoreexternal.code.tex
File: pgfcoreexternal.code.tex 2021/05/15 v3.1.9a (3.1.9a)
\pgfexternal@startupbox=\box64
))
(C:\Users\eva.garcia.domingo\AppData\Local\Programs\MiKTeX\tex/generic/pgf/basi
clayer\pgfcorelayers.code.tex
File: pgfcorelayers.code.tex 2021/05/15 v3.1.9a (3.1.9a)
)
(C:\Users\eva.garcia.domingo\AppData\Local\Programs\MiKTeX\tex/generic/pgf/basi
clayer\pgfcoretransparency.code.tex
File: pgfcoretransparency.code.tex 2021/05/15 v3.1.9a (3.1.9a)
)
(C:\Users\eva.garcia.domingo\AppData\Local\Programs\MiKTeX\tex/generic/pgf/basi
clayer\pgfcorepatterns.code.tex
File: pgfcorepatterns.code.tex 2021/05/15 v3.1.9a (3.1.9a)
)
(C:\Users\eva.garcia.domingo\AppData\Local\Programs\MiKTeX\tex/generic/pgf/basi
clayer\pgfcorerdf.code.tex
File: pgfcorerdf.code.tex 2021/05/15 v3.1.9a (3.1.9a)
)))
(C:\Users\eva.garcia.domingo\AppData\Local\Programs\MiKTeX\tex/latex/pgf/utilit
ies\xxcolor.sty
Package: xxcolor 2003/10/24 ver 0.1
\XC@nummixins=\count296
\XC@countmixins=\count297
)
(C:\Users\eva.garcia.domingo\AppData\Local\Programs\MiKTeX\tex/latex/base\atbeg
shi-ltx.sty
Package: atbegshi-ltx 2021/01/10 v1.0c Emulation of the original atbegshi
package with kernel methods
)
(C:\Users\eva.garcia.domingo\AppData\Local\Programs\MiKTeX\tex/latex/hyperref\h
yperref.sty
Package: hyperref 2022-02-21 v7.00n Hypertext links for LaTeX

(C:\Users\eva.garcia.domingo\AppData\Local\Programs\MiKTeX\tex/generic/ltxcmds\
ltxcmds.sty
Package: ltxcmds 2020-05-10 v1.25 LaTeX kernel commands for general use (HO)
)
(C:\Users\eva.garcia.domingo\AppData\Local\Programs\MiKTeX\tex/generic/pdftexcm
ds\pdftexcmds.sty
Package: pdftexcmds 2020-06-27 v0.33 Utility functions of pdfTeX for LuaTeX (HO
)

(C:\Users\eva.garcia.domingo\AppData\Local\Programs\MiKTeX\tex/generic/infwarer
r\infwarerr.sty
Package: infwarerr 2019/12/03 v1.5 Providing info/warning/error messages (HO)
)
Package pdftexcmds Info: \pdf@primitive is available.
Package pdftexcmds Info: \pdf@ifprimitive is available.
Package pdftexcmds Info: \pdfdraftmode found.
)
(C:\Users\eva.garcia.domingo\AppData\Local\Programs\MiKTeX\tex/generic/kvsetkey
s\kvsetkeys.sty
Package: kvsetkeys 2019/12/15 v1.18 Key value parser (HO)
)
(C:\Users\eva.garcia.domingo\AppData\Local\Programs\MiKTeX\tex/generic/kvdefine
keys\kvdefinekeys.sty
Package: kvdefinekeys 2019-12-19 v1.6 Define keys (HO)
)
(C:\Users\eva.garcia.domingo\AppData\Local\Programs\MiKTeX\tex/generic/pdfescap
e\pdfescape.sty
Package: pdfescape 2019/12/09 v1.15 Implements pdfTeX's escape features (HO)
)
(C:\Users\eva.garcia.domingo\AppData\Local\Programs\MiKTeX\tex/latex/hycolor\hy
color.sty
Package: hycolor 2020-01-27 v1.10 Color options for hyperref/bookmark (HO)
)
(C:\Users\eva.garcia.domingo\AppData\Local\Programs\MiKTeX\tex/latex/letltxmacr
o\letltxmacro.sty
Package: letltxmacro 2019/12/03 v1.6 Let assignment for LaTeX macros (HO)
)
(C:\Users\eva.garcia.domingo\AppData\Local\Programs\MiKTeX\tex/latex/auxhook\au
xhook.sty
Package: auxhook 2019-12-17 v1.6 Hooks for auxiliary files (HO)
)
(C:\Users\eva.garcia.domingo\AppData\Local\Programs\MiKTeX\tex/latex/kvoptions\
kvoptions.sty
Package: kvoptions 2020-10-07 v3.14 Key value format for package options (HO)
)
\@linkdim=\dimen265
\Hy@linkcounter=\count298
\Hy@pagecounter=\count299

(C:\Users\eva.garcia.domingo\AppData\Local\Programs\MiKTeX\tex/latex/hyperref\p
d1enc.def
File: pd1enc.def 2022-02-21 v7.00n Hyperref: PDFDocEncoding definition (HO)
Now handling font encoding PD1 ...
... no UTF-8 mapping file for font encoding PD1
)
(C:\Users\eva.garcia.domingo\AppData\Local\Programs\MiKTeX\tex/generic/intcalc\
intcalc.sty
Package: intcalc 2019/12/15 v1.3 Expandable calculations with integers (HO)
)
(C:\Users\eva.garcia.domingo\AppData\Local\Programs\MiKTeX\tex/generic/etexcmds
\etexcmds.sty
Package: etexcmds 2019/12/15 v1.7 Avoid name clashes with e-TeX commands (HO)
)
\Hy@SavedSpaceFactor=\count300

(C:\Users\eva.garcia.domingo\AppData\Local\Programs\MiKTeX\tex/latex/hyperref\p
uenc.def
File: puenc.def 2022-02-21 v7.00n Hyperref: PDF Unicode definition (HO)
Now handling font encoding PU ...
... no UTF-8 mapping file for font encoding PU
)
Package hyperref Info: Option `bookmarks' set `true' on input line 4018.
Package hyperref Info: Option `bookmarksopen' set `true' on input line 4018.
Package hyperref Info: Option `implicit' set `false' on input line 4018.
Package hyperref Info: Hyper figures OFF on input line 4137.
Package hyperref Info: Link nesting OFF on input line 4142.
Package hyperref Info: Hyper index ON on input line 4145.
Package hyperref Info: Plain pages OFF on input line 4152.
Package hyperref Info: Backreferencing OFF on input line 4157.
Package hyperref Info: Implicit mode OFF; no redefinition of LaTeX internals.
Package hyperref Info: Bookmarks ON on input line 4390.
\c@Hy@tempcnt=\count301

(C:\Users\eva.garcia.domingo\AppData\Local\Programs\MiKTeX\tex/latex/url\url.st
y
\Urlmuskip=\muskip16
Package: url 2013/09/16  ver 3.4  Verb mode for urls, etc.
)
LaTeX Info: Redefining \url on input line 4749.
\XeTeXLinkMargin=\dimen266

(C:\Users\eva.garcia.domingo\AppData\Local\Programs\MiKTeX\tex/generic/bitset\b
itset.sty
Package: bitset 2019/12/09 v1.3 Handle bit-vector datatype (HO)

(C:\Users\eva.garcia.domingo\AppData\Local\Programs\MiKTeX\tex/generic/bigintca
lc\bigintcalc.sty
Package: bigintcalc 2019/12/15 v1.5 Expandable calculations on big integers (HO
)
))
\Fld@menulength=\count302
\Field@Width=\dimen267
\Fld@charsize=\dimen268
Package hyperref Info: Hyper figures OFF on input line 6027.
Package hyperref Info: Link nesting OFF on input line 6032.
Package hyperref Info: Hyper index ON on input line 6035.
Package hyperref Info: backreferencing OFF on input line 6042.
Package hyperref Info: Link coloring OFF on input line 6047.
Package hyperref Info: Link coloring with OCG OFF on input line 6052.
Package hyperref Info: PDF/A mode OFF on input line 6057.
LaTeX Info: Redefining \ref on input line 6097.
LaTeX Info: Redefining \pageref on input line 6101.
\Hy@abspage=\count303


Package hyperref Message: Stopped early.

)
Package hyperref Info: Driver (autodetected): hpdftex.

(C:\Users\eva.garcia.domingo\AppData\Local\Programs\MiKTeX\tex/latex/hyperref\h
pdftex.def
File: hpdftex.def 2022-02-21 v7.00n Hyperref driver for pdfTeX

(C:\Users\eva.garcia.domingo\AppData\Local\Programs\MiKTeX\tex/latex/base\atver
yend-ltx.sty
Package: atveryend-ltx 2020/08/19 v1.0a Emulation of the original atveryend pac
kage
with kernel methods
)
\Fld@listcount=\count304
\c@bookmark@seq@number=\count305

(C:\Users\eva.garcia.domingo\AppData\Local\Programs\MiKTeX\tex/latex/rerunfilec
heck\rerunfilecheck.sty
Package: rerunfilecheck 2019/12/05 v1.9 Rerun checks for auxiliary files (HO)

(C:\Users\eva.garcia.domingo\AppData\Local\Programs\MiKTeX\tex/generic/uniqueco
unter\uniquecounter.sty
Package: uniquecounter 2019/12/15 v1.4 Provide unlimited unique counter (HO)
)
Package uniquecounter Info: New unique counter `rerunfilecheck' on input line 2
86.
))
(C:\Users\eva.garcia.domingo\AppData\Local\Programs\MiKTeX\tex/latex/beamer\bea
merbaserequires.sty
(C:\Users\eva.garcia.domingo\AppData\Local\Programs\MiKTeX\tex/latex/beamer\bea
merbasecompatibility.sty)
(C:\Users\eva.garcia.domingo\AppData\Local\Programs\MiKTeX\tex/latex/beamer\bea
merbasefont.sty
(C:\Users\eva.garcia.domingo\AppData\Local\Programs\MiKTeX\tex/latex/amsfonts\a
mssymb.sty
Package: amssymb 2013/01/14 v3.01 AMS font symbols

(C:\Users\eva.garcia.domingo\AppData\Local\Programs\MiKTeX\tex/latex/amsfonts\a
msfonts.sty
Package: amsfonts 2013/01/14 v3.01 Basic AMSFonts support
\@emptytoks=\toks28
\symAMSa=\mathgroup4
\symAMSb=\mathgroup5
LaTeX Font Info:    Redeclaring math symbol \hbar on input line 98.
LaTeX Font Info:    Overwriting math alphabet `\mathfrak' in version `bold'
(Font)                  U/euf/m/n --> U/euf/b/n on input line 106.
))
(C:\Users\eva.garcia.domingo\AppData\Local\Programs\MiKTeX\tex/latex/sansmathac
cent\sansmathaccent.sty
Package: sansmathaccent 2020/01/31

(C:\Users\eva.garcia.domingo\AppData\Local\Programs\MiKTeX\tex/latex/koma-scrip
t\scrlfile.sty
Package: scrlfile 2022/05/01 v3.36 KOMA-Script package (file load hooks)

(C:\Users\eva.garcia.domingo\AppData\Local\Programs\MiKTeX\tex/latex/koma-scrip
t\scrlfile-hook.sty
Package: scrlfile-hook 2022/05/01 v3.36 KOMA-Script package (using LaTeX hooks)


(C:\Users\eva.garcia.domingo\AppData\Local\Programs\MiKTeX\tex/latex/koma-scrip
t\scrlogo.sty
Package: scrlogo 2022/05/01 v3.36 KOMA-Script package (logo)
)))))
(C:\Users\eva.garcia.domingo\AppData\Local\Programs\MiKTeX\tex/latex/beamer\bea
merbasetranslator.sty
(C:\Users\eva.garcia.domingo\AppData\Local\Programs\MiKTeX\tex/latex/translator
\translator.sty
Package: translator 2021-05-31 v1.12d Easy translation of strings in LaTeX
))
(C:\Users\eva.garcia.domingo\AppData\Local\Programs\MiKTeX\tex/latex/beamer\bea
merbasemisc.sty)
(C:\Users\eva.garcia.domingo\AppData\Local\Programs\MiKTeX\tex/latex/beamer\bea
merbasetwoscreens.sty)
(C:\Users\eva.garcia.domingo\AppData\Local\Programs\MiKTeX\tex/latex/beamer\bea
merbaseoverlay.sty
\beamer@argscount=\count306
\beamer@lastskipcover=\skip50
\beamer@trivlistdepth=\count307
)
(C:\Users\eva.garcia.domingo\AppData\Local\Programs\MiKTeX\tex/latex/beamer\bea
merbasetitle.sty)
(C:\Users\eva.garcia.domingo\AppData\Local\Programs\MiKTeX\tex/latex/beamer\bea
merbasesection.sty
\c@lecture=\count308
\c@part=\count309
\c@section=\count310
\c@subsection=\count311
\c@subsubsection=\count312
)
(C:\Users\eva.garcia.domingo\AppData\Local\Programs\MiKTeX\tex/latex/beamer\bea
merbaseframe.sty
\beamer@framebox=\box65
\beamer@frametitlebox=\box66
\beamer@zoombox=\box67
\beamer@zoomcount=\count313
\beamer@zoomframecount=\count314
\beamer@frametextheight=\dimen269
\c@subsectionslide=\count315
\beamer@frametopskip=\skip51
\beamer@framebottomskip=\skip52
\beamer@frametopskipautobreak=\skip53
\beamer@framebottomskipautobreak=\skip54
\beamer@envbody=\toks29
\framewidth=\dimen270
\c@framenumber=\count316
)
(C:\Users\eva.garcia.domingo\AppData\Local\Programs\MiKTeX\tex/latex/beamer\bea
merbaseverbatim.sty
\beamer@verbatimfileout=\write4
)
(C:\Users\eva.garcia.domingo\AppData\Local\Programs\MiKTeX\tex/latex/beamer\bea
merbaseframesize.sty
\beamer@splitbox=\box68
\beamer@autobreakcount=\count317
\beamer@autobreaklastheight=\dimen271
\beamer@frametitletoks=\toks30
\beamer@framesubtitletoks=\toks31
)
(C:\Users\eva.garcia.domingo\AppData\Local\Programs\MiKTeX\tex/latex/beamer\bea
merbaseframecomponents.sty
\beamer@footins=\box69
)
(C:\Users\eva.garcia.domingo\AppData\Local\Programs\MiKTeX\tex/latex/beamer\bea
merbasecolor.sty)
(C:\Users\eva.garcia.domingo\AppData\Local\Programs\MiKTeX\tex/latex/beamer\bea
merbasenotes.sty
\beamer@frameboxcopy=\box70
)
(C:\Users\eva.garcia.domingo\AppData\Local\Programs\MiKTeX\tex/latex/beamer\bea
merbasetoc.sty)
(C:\Users\eva.garcia.domingo\AppData\Local\Programs\MiKTeX\tex/latex/beamer\bea
merbasetemplates.sty
\beamer@sbttoks=\toks32

(C:\Users\eva.garcia.domingo\AppData\Local\Programs\MiKTeX\tex/latex/beamer\bea
merbaseauxtemplates.sty
(C:\Users\eva.garcia.domingo\AppData\Local\Programs\MiKTeX\tex/latex/beamer\bea
merbaseboxes.sty
\bmb@box=\box71
\bmb@colorbox=\box72
\bmb@boxwidth=\dimen272
\bmb@boxheight=\dimen273
\bmb@prevheight=\dimen274
\bmb@temp=\dimen275
\bmb@dima=\dimen276
\bmb@dimb=\dimen277
\bmb@prevheight=\dimen278
)
\beamer@blockheadheight=\dimen279
))
(C:\Users\eva.garcia.domingo\AppData\Local\Programs\MiKTeX\tex/latex/beamer\bea
merbaselocalstructure.sty
(C:\Users\eva.garcia.domingo\AppData\Local\Programs\MiKTeX\tex/latex/tools\enum
erate.sty
Package: enumerate 2015/07/23 v3.00 enumerate extensions (DPC)
\@enLab=\toks33
)
\beamer@bibiconwidth=\skip55
\c@figure=\count318
\c@table=\count319
\abovecaptionskip=\skip56
\belowcaptionskip=\skip57
)
(C:\Users\eva.garcia.domingo\AppData\Local\Programs\MiKTeX\tex/latex/beamer\bea
merbasenavigation.sty
\beamer@section@min@dim=\dimen280
)
(C:\Users\eva.garcia.domingo\AppData\Local\Programs\MiKTeX\tex/latex/beamer\bea
merbasetheorems.sty
(C:\Users\eva.garcia.domingo\AppData\Local\Programs\MiKTeX\tex/latex/amsmath\am
smath.sty
Package: amsmath 2021/10/15 v2.17l AMS math features
\@mathmargin=\skip58

For additional information on amsmath, use the `?' option.

(C:\Users\eva.garcia.domingo\AppData\Local\Programs\MiKTeX\tex/latex/amsmath\am
stext.sty
Package: amstext 2021/08/26 v2.01 AMS text

(C:\Users\eva.garcia.domingo\AppData\Local\Programs\MiKTeX\tex/latex/amsmath\am
sgen.sty
File: amsgen.sty 1999/11/30 v2.0 generic functions
\@emptytoks=\toks34
\ex@=\dimen281
))
(C:\Users\eva.garcia.domingo\AppData\Local\Programs\MiKTeX\tex/latex/amsmath\am
sbsy.sty
Package: amsbsy 1999/11/29 v1.2d Bold Symbols
\pmbraise@=\dimen282
)
(C:\Users\eva.garcia.domingo\AppData\Local\Programs\MiKTeX\tex/latex/amsmath\am
sopn.sty
Package: amsopn 2021/08/26 v2.02 operator names
)
\inf@bad=\count320
LaTeX Info: Redefining \frac on input line 234.
\uproot@=\count321
\leftroot@=\count322
LaTeX Info: Redefining \overline on input line 399.
\classnum@=\count323
\DOTSCASE@=\count324
LaTeX Info: Redefining \ldots on input line 496.
LaTeX Info: Redefining \dots on input line 499.
LaTeX Info: Redefining \cdots on input line 620.
\Mathstrutbox@=\box73
\strutbox@=\box74
\big@size=\dimen283
LaTeX Font Info:    Redeclaring font encoding OML on input line 743.
LaTeX Font Info:    Redeclaring font encoding OMS on input line 744.
\macc@depth=\count325
\c@MaxMatrixCols=\count326
\dotsspace@=\muskip17
\c@parentequation=\count327
\dspbrk@lvl=\count328
\tag@help=\toks35
\row@=\count329
\column@=\count330
\maxfields@=\count331
\andhelp@=\toks36
\eqnshift@=\dimen284
\alignsep@=\dimen285
\tagshift@=\dimen286
\tagwidth@=\dimen287
\totwidth@=\dimen288
\lineht@=\dimen289
\@envbody=\toks37
\multlinegap=\skip59
\multlinetaggap=\skip60
\mathdisplay@stack=\toks38
LaTeX Info: Redefining \[ on input line 2938.
LaTeX Info: Redefining \] on input line 2939.
)
(C:\Users\eva.garcia.domingo\AppData\Local\Programs\MiKTeX\tex/latex/amscls\ams
thm.sty
Package: amsthm 2020/05/29 v2.20.6
\thm@style=\toks39
\thm@bodyfont=\toks40
\thm@headfont=\toks41
\thm@notefont=\toks42
\thm@headpunct=\toks43
\thm@preskip=\skip61
\thm@postskip=\skip62
\thm@headsep=\skip63
\dth@everypar=\toks44
)
\c@theorem=\count332
)
(C:\Users\eva.garcia.domingo\AppData\Local\Programs\MiKTeX\tex/latex/beamer\bea
merbasethemes.sty))
(C:\Users\eva.garcia.domingo\AppData\Local\Programs\MiKTeX\tex/latex/beamer\bea
merthemedefault.sty
(C:\Users\eva.garcia.domingo\AppData\Local\Programs\MiKTeX\tex/latex/beamer\bea
merfontthemedefault.sty)
(C:\Users\eva.garcia.domingo\AppData\Local\Programs\MiKTeX\tex/latex/beamer\bea
mercolorthemedefault.sty)
(C:\Users\eva.garcia.domingo\AppData\Local\Programs\MiKTeX\tex/latex/beamer\bea
merinnerthemedefault.sty
\beamer@dima=\dimen290
\beamer@dimb=\dimen291
)
(C:\Users\eva.garcia.domingo\AppData\Local\Programs\MiKTeX\tex/latex/beamer\bea
merouterthemedefault.sty)))
(C:\Users\eva.garcia.domingo\AppData\Local\Programs\MiKTeX\tex/latex/beamer\bea
merthemeBoadilla.sty
(C:\Users\eva.garcia.domingo\AppData\Local\Programs\MiKTeX\tex/latex/beamer\bea
mercolorthemerose.sty)
(C:\Users\eva.garcia.domingo\AppData\Local\Programs\MiKTeX\tex/latex/beamer\bea
merinnerthemerounded.sty)
(C:\Users\eva.garcia.domingo\AppData\Local\Programs\MiKTeX\tex/latex/beamer\bea
mercolorthemedolphin.sty)
(C:\Users\eva.garcia.domingo\AppData\Local\Programs\MiKTeX\tex/latex/beamer\bea
merouterthemeinfolines.sty))
(C:\Users\eva.garcia.domingo\AppData\Local\Programs\MiKTeX\tex/generic/babel\ba
bel.sty
Package: babel 2022/02/26 3.73 The Babel package
\babel@savecnt=\count333
\U@D=\dimen292
\l@unhyphenated=\language79

(C:\Users\eva.garcia.domingo\AppData\Local\Programs\MiKTeX\tex/generic/babel\tx
tbabel.def)
\bbl@readstream=\read3
LaTeX Info: Redefining \textlatin on input line 3969.
\bbl@dirlevel=\count334

*************************************
* Local config file bblopts.cfg used
*

(C:\Users\eva.garcia.domingo\AppData\Local\Programs\MiKTeX\tex/latex/arabi\bblo
pts.cfg
File: bblopts.cfg 2005/09/08 v0.1 add Arabic and Farsi to "declared" options of
 babel
)
(C:\Users\eva.garcia.domingo\AppData\Local\Programs\MiKTeX\tex/latex/babel-span
ish\spanish.ldf
Language: spanish.ldf 2021/05/27 v5.0q Spanish support from the babel system
\es@quottoks=\toks45
\es@quotdepth=\count335
Package babel Info: Making " an active character on input line 570.
Package babel Info: Making . an active character on input line 675.
Package babel Info: Making < an active character on input line 722.
Package babel Info: Making > an active character on input line 722.
))
(C:\Users\eva.garcia.domingo\AppData\Local\Programs\MiKTeX\tex/latex/base\input
enc.sty
Package: inputenc 2021/02/14 v1.3d Input encoding file
\inpenc@prehook=\toks46
\inpenc@posthook=\toks47
)
(C:\Users\eva.garcia.domingo\AppData\Local\Programs\MiKTeX\tex/latex/booktabs\b
ooktabs.sty
Package: booktabs 2020/01/12 v1.61803398 Publication quality tables
\heavyrulewidth=\dimen293
\lightrulewidth=\dimen294
\cmidrulewidth=\dimen295
\belowrulesep=\dimen296
\belowbottomsep=\dimen297
\aboverulesep=\dimen298
\abovetopsep=\dimen299
\cmidrulesep=\dimen300
\cmidrulekern=\dimen301
\defaultaddspace=\dimen302
\@cmidla=\count336
\@cmidlb=\count337
\@aboverulesep=\dimen303
\@belowrulesep=\dimen304
\@thisruleclass=\count338
\@lastruleclass=\count339
\@thisrulewidth=\dimen305
)
(C:\Users\eva.garcia.domingo\AppData\Local\Programs\MiKTeX\tex/latex/tools\mult
icol.sty
Package: multicol 2021/10/28 v1.9b multicolumn formatting (FMi)
\c@tracingmulticols=\count340
\mult@box=\box75
\multicol@leftmargin=\dimen306
\c@unbalance=\count341
\c@collectmore=\count342
\doublecol@number=\count343
\multicoltolerance=\count344
\multicolpretolerance=\count345
\full@width=\dimen307
\page@free=\dimen308
\premulticols=\dimen309
\postmulticols=\dimen310
\multicolsep=\skip64
\multicolbaselineskip=\skip65
\partial@page=\box76
\last@line=\box77
\maxbalancingoverflow=\dimen311
\mult@rightbox=\box78
\mult@grightbox=\box79
\mult@firstbox=\box80
\mult@gfirstbox=\box81
\@tempa=\box82
\@tempa=\box83
\@tempa=\box84
\@tempa=\box85
\@tempa=\box86
\@tempa=\box87
\@tempa=\box88
\@tempa=\box89
\@tempa=\box90
\@tempa=\box91
\@tempa=\box92
\@tempa=\box93
\@tempa=\box94
\@tempa=\box95
\@tempa=\box96
\@tempa=\box97
\@tempa=\box98
\@tempa=\box99
\@tempa=\box100
\@tempa=\box101
\@tempa=\box102
\@tempa=\box103
\@tempa=\box104
\@tempa=\box105
\@tempa=\box106
\@tempa=\box107
\@tempa=\box108
\@tempa=\box109
\@tempa=\box110
\@tempa=\box111
\@tempa=\box112
\@tempa=\box113
\@tempa=\box114
\@tempa=\box115
\@tempa=\box116
\@tempa=\box117
\c@minrows=\count346
\c@columnbadness=\count347
\c@finalcolumnbadness=\count348
\last@try=\dimen312
\multicolovershoot=\dimen313
\multicolundershoot=\dimen314
\mult@nat@firstbox=\box118
\colbreak@box=\box119
\mc@col@check@num=\count349
)
(C:\Users\eva.garcia.domingo\AppData\Local\Programs\MiKTeX\tex/latex/pgf/utilit
ies\pgfpages.sty
Package: pgfpages 2011/01/05 ver 0.02

(C:\Users\eva.garcia.domingo\AppData\Local\Programs\MiKTeX\tex/latex/tools\calc
.sty
Package: calc 2017/05/25 v4.3 Infix arithmetic (KKT,FJ)
\calc@Acount=\count350
\calc@Bcount=\count351
\calc@Adimen=\dimen315
\calc@Bdimen=\dimen316
\calc@Askip=\skip66
\calc@Bskip=\skip67
LaTeX Info: Redefining \setlength on input line 80.
LaTeX Info: Redefining \addtolength on input line 81.
\calc@Ccount=\count352
\calc@Cskip=\skip68
)
\pgf@logicalpages=\count353
\pgf@firstshipout=\count354
\pgf@lastshipout=\count355
\pgf@currentshipout=\count356
\pgf@cpn=\count357
\pgf@shipoutnextto=\count358
\pgfphysicalheight=\dimen317
\pgfphysicalwidth=\dimen318
\pgfpages@shipoutbox=\box120
)
(C:\Users\eva.garcia.domingo\AppData\Local\Programs\MiKTeX\tex/latex/listings\l
istings.sty
\lst@mode=\count359
\lst@gtempboxa=\box121
\lst@token=\toks48
\lst@length=\count360
\lst@currlwidth=\dimen319
\lst@column=\count361
\lst@pos=\count362
\lst@lostspace=\dimen320
\lst@width=\dimen321
\lst@newlines=\count363
\lst@lineno=\count364
\lst@maxwidth=\dimen322

(C:\Users\eva.garcia.domingo\AppData\Local\Programs\MiKTeX\tex/latex/listings\l
stmisc.sty
File: lstmisc.sty 2020/03/24 1.8d (Carsten Heinz)
\c@lstnumber=\count365
\lst@skipnumbers=\count366
\lst@framebox=\box122
)
(C:\Users\eva.garcia.domingo\AppData\Local\Programs\MiKTeX\tex/latex/listings\l
istings.cfg
File: listings.cfg 2020/03/24 1.8d listings configuration
))
Package: listings 2020/03/24 1.8d (Carsten Heinz)

(C:\Users\eva.garcia.domingo\AppData\Local\Programs\MiKTeX\tex/latex/beamer\mul
timedia.sty
Package: multimedia 2012/05/02 ver 0.02

(C:\Users\eva.garcia.domingo\AppData\Local\Programs\MiKTeX\tex/generic/iftex\if
pdf.sty
Package: ifpdf 2019/10/25 v3.4 ifpdf legacy package. Use iftex instead.
)
\mm@movie=\count367
)
(C:\Users\eva.garcia.domingo\AppData\Local\Programs\MiKTeX\tex/latex/adjustbox\
adjustbox.sty
Package: adjustbox 2020/08/19 v1.3 Adjusting TeX boxes (trim, clip, ...)

(C:\Users\eva.garcia.domingo\AppData\Local\Programs\MiKTeX\tex/latex/xkeyval\xk
eyval.sty
Package: xkeyval 2020/11/20 v2.8 package option processing (HA)

(C:\Users\eva.garcia.domingo\AppData\Local\Programs\MiKTeX\tex/generic/xkeyval\
xkeyval.tex
(C:\Users\eva.garcia.domingo\AppData\Local\Programs\MiKTeX\tex/generic/xkeyval\
xkvutils.tex
\XKV@toks=\toks49
\XKV@tempa@toks=\toks50
)
\XKV@depth=\count368
File: xkeyval.tex 2014/12/03 v2.7a key=value parser (HA)
))
(C:\Users\eva.garcia.domingo\AppData\Local\Programs\MiKTeX\tex/latex/adjustbox\
adjcalc.sty
Package: adjcalc 2012/05/16 v1.1 Provides advanced setlength with multiple back
-ends (calc, etex, pgfmath)
)
(C:\Users\eva.garcia.domingo\AppData\Local\Programs\MiKTeX\tex/latex/adjustbox\
trimclip.sty
Package: trimclip 2020/08/19 v1.2 Trim and clip general TeX material

(C:\Users\eva.garcia.domingo\AppData\Local\Programs\MiKTeX\tex/latex/collectbox
\collectbox.sty
Package: collectbox 2012/05/17 v0.4b Collect macro arguments as boxes
\collectedbox=\box123
)
\tc@llx=\dimen323
\tc@lly=\dimen324
\tc@urx=\dimen325
\tc@ury=\dimen326
Package trimclip Info: Using driver 'tc-pdftex.def'.

(C:\Users\eva.garcia.domingo\AppData\Local\Programs\MiKTeX\tex/latex/adjustbox\
tc-pdftex.def
File: tc-pdftex.def 2019/01/04 v2.2 Clipping driver for pdftex
))
\adjbox@Width=\dimen327
\adjbox@Height=\dimen328
\adjbox@Depth=\dimen329
\adjbox@Totalheight=\dimen330
\adjbox@pwidth=\dimen331
\adjbox@pheight=\dimen332
\adjbox@pdepth=\dimen333
\adjbox@ptotalheight=\dimen334

(C:\Users\eva.garcia.domingo\AppData\Local\Programs\MiKTeX\tex/latex/ifoddpage\
ifoddpage.sty
Package: ifoddpage 2016/04/23 v1.1 Conditionals for odd/even page detection
\c@checkoddpage=\count369
)
(C:\Users\eva.garcia.domingo\AppData\Local\Programs\MiKTeX\tex/latex/varwidth\v
arwidth.sty
Package: varwidth 2009/03/30 ver 0.92;  Variable-width minipages
\@vwid@box=\box124
\sift@deathcycles=\count370
\@vwid@loff=\dimen335
\@vwid@roff=\dimen336
))
(C:\Users\eva.garcia.domingo\AppData\Local\Programs\MiKTeX\tex/latex/outlines\o
utlines.sty
Package: outlines 2012/1/23 1.1 Ch. Pecheur

(C:\Users\eva.garcia.domingo\AppData\Local\Programs\MiKTeX\tex/latex/base\ifthe
n.sty
Package: ifthen 2020/11/24 v1.1c Standard LaTeX ifthen package (DPC)
))
(C:\Users\eva.garcia.domingo\AppData\Local\Programs\MiKTeX\tex/latex/tools\arra
y.sty
Package: array 2021/10/04 v2.5f Tabular extension package (FMi)
\col@sep=\dimen337
\ar@mcellbox=\box125
\extrarowheight=\dimen338
\NC@list=\toks51
\extratabsurround=\skip69
\backup@length=\skip70
\ar@cellbox=\box126
)
(C:\Users\eva.garcia.domingo\AppData\Local\Programs\MiKTeX\tex/latex/tools\tabu
larx.sty
Package: tabularx 2020/01/15 v2.11c `tabularx' package (DPC)
\TX@col@width=\dimen339
\TX@old@table=\dimen340
\TX@old@col=\dimen341
\TX@target=\dimen342
\TX@delta=\dimen343
\TX@cols=\count371
\TX@ftn=\toks52
)
\pgfpages@box@1=\box127
\pgfpages@box@2=\box128
Package hyperref Info: Option `colorlinks' set `true' on input line 52.

(C:\Users\eva.garcia.domingo\AppData\Local\Programs\MiKTeX\tex/latex/l3backend\
l3backend-pdftex.def
File: l3backend-pdftex.def 2022-02-07 L3 backend support: PDF output (pdfTeX)
\l__color_backend_stack_int=\count372
\l__pdf_internal_box=\box129
) (slides.aux
LaTeX Info: Redefining \. on input line 26.
LaTeX Info: Redefining \% on input line 26.
)
\openout1 = `slides.aux'.

LaTeX Font Info:    Checking defaults for OML/cmm/m/it on input line 71.
LaTeX Font Info:    ... okay on input line 71.
LaTeX Font Info:    Checking defaults for OMS/cmsy/m/n on input line 71.
LaTeX Font Info:    ... okay on input line 71.
LaTeX Font Info:    Checking defaults for OT1/cmr/m/n on input line 71.
LaTeX Font Info:    ... okay on input line 71.
LaTeX Font Info:    Checking defaults for T1/cmr/m/n on input line 71.
LaTeX Font Info:    ... okay on input line 71.
LaTeX Font Info:    Checking defaults for TS1/cmr/m/n on input line 71.
LaTeX Font Info:    ... okay on input line 71.
LaTeX Font Info:    Checking defaults for OMX/cmex/m/n on input line 71.
LaTeX Font Info:    ... okay on input line 71.
LaTeX Font Info:    Checking defaults for U/cmr/m/n on input line 71.
LaTeX Font Info:    ... okay on input line 71.
LaTeX Font Info:    Checking defaults for PD1/pdf/m/n on input line 71.
LaTeX Font Info:    ... okay on input line 71.
LaTeX Font Info:    Checking defaults for PU/pdf/m/n on input line 71.
LaTeX Font Info:    ... okay on input line 71.

*geometry* driver: auto-detecting
*geometry* detected driver: pdftex
*geometry* verbose mode - [ preamble ] result:
* driver: pdftex
* paper: custom
* layout: <same size as paper>
* layoutoffset:(h,v)=(0.0pt,0.0pt)
* modes: includehead includefoot 
* h-part:(L,W,R)=(10.95003pt, 342.2953pt, 10.95003pt)
* v-part:(T,H,B)=(0.0pt, 273.14662pt, 0.0pt)
* \paperwidth=364.19536pt
* \paperheight=273.14662pt
* \textwidth=342.2953pt
* \textheight=244.6939pt
* \oddsidemargin=-61.31996pt
* \evensidemargin=-61.31996pt
* \topmargin=-72.26999pt
* \headheight=14.22636pt
* \headsep=0.0pt
* \topskip=11.0pt
* \footskip=14.22636pt
* \marginparwidth=4.0pt
* \marginparsep=10.0pt
* \columnsep=10.0pt
* \skip\footins=10.0pt plus 4.0pt minus 2.0pt
* \hoffset=0.0pt
* \voffset=0.0pt
* \mag=1000
* \@twocolumnfalse
* \@twosidefalse
* \@mparswitchfalse
* \@reversemarginfalse
* (1in=72.27pt=25.4mm, 1cm=28.453pt)


(C:\Users\eva.garcia.domingo\AppData\Local\Programs\MiKTeX\tex/context/base/mki
i\supp-pdf.mkii
[Loading MPS to PDF converter (version 2006.09.02).]
\scratchcounter=\count373
\scratchdimen=\dimen344
\scratchbox=\box130
\nofMPsegments=\count374
\nofMParguments=\count375
\everyMPshowfont=\toks53
\MPscratchCnt=\count376
\MPscratchDim=\dimen345
\MPnumerator=\count377
\makeMPintoPDFobject=\count378
\everyMPtoPDFconversion=\toks54
)
(C:\Users\eva.garcia.domingo\AppData\Local\Programs\MiKTeX\tex/latex/epstopdf-p
kg\epstopdf-base.sty
Package: epstopdf-base 2020-01-24 v2.11 Base part for package epstopdf
Package epstopdf-base Info: Redefining graphics rule for `.eps' on input line 4
85.

(C:\Users\eva.garcia.domingo\AppData\Local\Programs\MiKTeX\tex/latex/00miktex\e
pstopdf-sys.cfg
File: epstopdf-sys.cfg 2021/03/18 v2.0 Configuration of epstopdf for MiKTeX
))
Package hyperref Info: Link coloring ON on input line 71.

(C:\Users\eva.garcia.domingo\AppData\Local\Programs\MiKTeX\tex/latex/hyperref\n
ameref.sty
Package: nameref 2021-04-02 v2.47 Cross-referencing by name of section

(C:\Users\eva.garcia.domingo\AppData\Local\Programs\MiKTeX\tex/latex/refcount\r
efcount.sty
Package: refcount 2019/12/15 v3.6 Data extraction from label references (HO)
)
(C:\Users\eva.garcia.domingo\AppData\Local\Programs\MiKTeX\tex/generic/gettitle
string\gettitlestring.sty
Package: gettitlestring 2019/12/15 v1.6 Cleanup title references (HO)
)
\c@section@level=\count379
)
LaTeX Info: Redefining \ref on input line 71.
LaTeX Info: Redefining \pageref on input line 71.
LaTeX Info: Redefining \nameref on input line 71.
 (slides.out) (slides.out)
\@outlinefile=\write5
\openout5 = `slides.out'.

LaTeX Font Info:    Overwriting symbol font `operators' in version `normal'
(Font)                  OT1/cmr/m/n --> OT1/cmss/m/n on input line 71.
LaTeX Font Info:    Overwriting symbol font `operators' in version `bold'
(Font)                  OT1/cmr/bx/n --> OT1/cmss/b/n on input line 71.
\symnumbers=\mathgroup6
\sympureletters=\mathgroup7
LaTeX Font Info:    Overwriting math alphabet `\mathrm' in version `normal'
(Font)                  OT1/cmss/m/n --> OT1/cmr/m/n on input line 71.
LaTeX Font Info:    Redeclaring math alphabet \mathbf on input line 71.
LaTeX Font Info:    Overwriting math alphabet `\mathbf' in version `normal'
(Font)                  OT1/cmr/bx/n --> OT1/cmss/b/n on input line 71.
LaTeX Font Info:    Overwriting math alphabet `\mathbf' in version `bold'
(Font)                  OT1/cmr/bx/n --> OT1/cmss/b/n on input line 71.
LaTeX Font Info:    Redeclaring math alphabet \mathsf on input line 71.
LaTeX Font Info:    Overwriting math alphabet `\mathsf' in version `normal'
(Font)                  OT1/cmss/m/n --> OT1/cmss/m/n on input line 71.
LaTeX Font Info:    Overwriting math alphabet `\mathsf' in version `bold'
(Font)                  OT1/cmss/bx/n --> OT1/cmss/m/n on input line 71.
LaTeX Font Info:    Redeclaring math alphabet \mathit on input line 71.
LaTeX Font Info:    Overwriting math alphabet `\mathit' in version `normal'
(Font)                  OT1/cmr/m/it --> OT1/cmss/m/it on input line 71.
LaTeX Font Info:    Overwriting math alphabet `\mathit' in version `bold'
(Font)                  OT1/cmr/bx/it --> OT1/cmss/m/it on input line 71.
LaTeX Font Info:    Redeclaring math alphabet \mathtt on input line 71.
LaTeX Font Info:    Overwriting math alphabet `\mathtt' in version `normal'
(Font)                  OT1/cmtt/m/n --> OT1/cmtt/m/n on input line 71.
LaTeX Font Info:    Overwriting math alphabet `\mathtt' in version `bold'
(Font)                  OT1/cmtt/m/n --> OT1/cmtt/m/n on input line 71.
LaTeX Font Info:    Overwriting symbol font `numbers' in version `bold'
(Font)                  OT1/cmss/m/n --> OT1/cmss/b/n on input line 71.
LaTeX Font Info:    Overwriting symbol font `pureletters' in version `bold'
(Font)                  OT1/cmss/m/it --> OT1/cmss/b/it on input line 71.
LaTeX Font Info:    Overwriting math alphabet `\mathrm' in version `bold'
(Font)                  OT1/cmss/b/n --> OT1/cmr/b/n on input line 71.
LaTeX Font Info:    Overwriting math alphabet `\mathbf' in version `bold'
(Font)                  OT1/cmss/b/n --> OT1/cmss/b/n on input line 71.
LaTeX Font Info:    Overwriting math alphabet `\mathsf' in version `bold'
(Font)                  OT1/cmss/m/n --> OT1/cmss/b/n on input line 71.
LaTeX Font Info:    Overwriting math alphabet `\mathit' in version `bold'
(Font)                  OT1/cmss/m/it --> OT1/cmss/b/it on input line 71.
LaTeX Font Info:    Overwriting math alphabet `\mathtt' in version `bold'
(Font)                  OT1/cmtt/m/n --> OT1/cmtt/b/n on input line 71.
LaTeX Font Info:    Redeclaring symbol font `pureletters' on input line 71.
LaTeX Font Info:    Overwriting symbol font `pureletters' in version `normal'
(Font)                  OT1/cmss/m/it --> OT1/mathkerncmss/m/sl on input line 7
1.
LaTeX Font Info:    Overwriting symbol font `pureletters' in version `bold'
(Font)                  OT1/cmss/b/it --> OT1/mathkerncmss/m/sl on input line 7
1.
LaTeX Font Info:    Overwriting symbol font `pureletters' in version `bold'
(Font)                  OT1/mathkerncmss/m/sl --> OT1/mathkerncmss/bx/sl on inp
ut line 71.

(C:\Users\eva.garcia.domingo\AppData\Local\Programs\MiKTeX\tex/latex/translator
\translator-basic-dictionary-English.dict
Dictionary: translator-basic-dictionary, Language: English 
)
(C:\Users\eva.garcia.domingo\AppData\Local\Programs\MiKTeX\tex/latex/translator
\translator-bibliography-dictionary-English.dict
Dictionary: translator-bibliography-dictionary, Language: English 
)
(C:\Users\eva.garcia.domingo\AppData\Local\Programs\MiKTeX\tex/latex/translator
\translator-environment-dictionary-English.dict
Dictionary: translator-environment-dictionary, Language: English 
)
(C:\Users\eva.garcia.domingo\AppData\Local\Programs\MiKTeX\tex/latex/translator
\translator-months-dictionary-English.dict
Dictionary: translator-months-dictionary, Language: English 
)
(C:\Users\eva.garcia.domingo\AppData\Local\Programs\MiKTeX\tex/latex/translator
\translator-numbers-dictionary-English.dict
Dictionary: translator-numbers-dictionary, Language: English 
)
(C:\Users\eva.garcia.domingo\AppData\Local\Programs\MiKTeX\tex/latex/translator
\translator-theorem-dictionary-English.dict
Dictionary: translator-theorem-dictionary, Language: English 
)
LaTeX Info: Redefining \. on input line 71.
LaTeX Info: Redefining \% on input line 71.
\c@lstlisting=\count380
 (slides.nav)
LaTeX Font Info:    Trying to load font information for U+msa on input line 78.


(C:\Users\eva.garcia.domingo\AppData\Local\Programs\MiKTeX\tex/latex/amsfonts\u
msa.fd
File: umsa.fd 2013/01/14 v3.01 AMS symbols A
)
LaTeX Font Info:    Trying to load font information for U+msb on input line 78.


(C:\Users\eva.garcia.domingo\AppData\Local\Programs\MiKTeX\tex/latex/amsfonts\u
msb.fd
File: umsb.fd 2013/01/14 v3.01 AMS symbols B
)
LaTeX Font Info:    Trying to load font information for OT1+mathkerncmss on inp
ut line 78.

(C:\Users\eva.garcia.domingo\AppData\Local\Programs\MiKTeX\tex/latex/sansmathac
cent\ot1mathkerncmss.fd
File: ot1mathkerncmss.fd 2020/01/31 Fontinst v1.933 font definitions for OT1/ma
thkerncmss.
)
<figs//logo-urjc.jpg, id=67, 525.965pt x 210.7875pt>
File: figs//logo-urjc.jpg Graphic file (type jpg)
<use figs//logo-urjc.jpg>
Package pdftex.def Info: figs//logo-urjc.jpg  used on input line 78.
(pdftex.def)             Requested size: 85.35826pt x 34.20592pt.
 (licencia.tex
<figs/by-nc-sa.png, id=68, 97.0827pt x 33.9669pt>
File: figs/by-nc-sa.png Graphic file (type png)
<use figs/by-nc-sa.png>
Package pdftex.def Info: figs/by-nc-sa.png  used on input line 10.
(pdftex.def)             Requested size: 34.23161pt x 11.9767pt.
) [2

{C:/Users/eva.garcia.domingo/AppData/Local/MiKTeX/fonts/map/pdftex/pdftex.map}
pdfTeX warning (ext4): destination with the same identifier (name{Navigation1})
 has been already used, duplicate ignored

\pgfpages@shipoutshipoutbox ...physicalpagesizes }
                                                  \endgroup 
l.83 \end{frame}
                
pdfTeX warning (ext4): destination with the same identifier (name{page.1}) has 
been already used, duplicate ignored

\pgfpages@shipoutshipoutbox ...physicalpagesizes }
                                                  \endgroup 
l.83 \end{frame}
                

 <./figs//logo-urjc.jpg>] (slides.toc
LaTeX Info: Redefining \. on input line 1.
LaTeX Info: Redefining \% on input line 1.
) [3


pdfTeX warning (ext4): destination with the same identifier (name{Navigation2})
 has been already used, duplicate ignored

\pgfpages@shipoutshipoutbox ...physicalpagesizes }
                                                  \endgroup 
l.93 \end{frame}
                
pdfTeX warning (ext4): destination with the same identifier (name{page.2}) has 
been already used, duplicate ignored

\pgfpages@shipoutshipoutbox ...physicalpagesizes }
                                                  \endgroup 
l.93 \end{frame}
                

 <./figs/by-nc-sa.png>] [4


pdfTeX warning (ext4): destination with the same identifier (name{Navigation3})
 has been already used, duplicate ignored

\pgfpages@shipoutshipoutbox ...physicalpagesizes }
                                                  \endgroup 
l.101 \end{frame}
                 
pdfTeX warning (ext4): destination with the same identifier (name{page.3}) has 
been already used, duplicate ignored

\pgfpages@shipoutshipoutbox ...physicalpagesizes }
                                                  \endgroup 
l.101 \end{frame}
                 

] [5


pdfTeX warning (ext4): destination with the same identifier (name{Navigation4})
 has been already used, duplicate ignored

\pgfpages@shipoutshipoutbox ...physicalpagesizes }
                                                  \endgroup 
l.130 \end{frame}
                 
pdfTeX warning (ext4): destination with the same identifier (name{page.4}) has 
been already used, duplicate ignored

\pgfpages@shipoutshipoutbox ...physicalpagesizes }
                                                  \endgroup 
l.130 \end{frame}
                 

] [6


pdfTeX warning (ext4): destination with the same identifier (name{Navigation5})
 has been already used, duplicate ignored

\pgfpages@shipoutshipoutbox ...physicalpagesizes }
                                                  \endgroup 
l.130 \end{frame}
                 
pdfTeX warning (ext4): destination with the same identifier (name{page.5}) has 
been already used, duplicate ignored

\pgfpages@shipoutshipoutbox ...physicalpagesizes }
                                                  \endgroup 
l.130 \end{frame}
                 

] [7


pdfTeX warning (ext4): destination with the same identifier (name{Navigation6})
 has been already used, duplicate ignored

\pgfpages@shipoutshipoutbox ...physicalpagesizes }
                                                  \endgroup 
l.130 \end{frame}
                 
pdfTeX warning (ext4): destination with the same identifier (name{page.6}) has 
been already used, duplicate ignored

\pgfpages@shipoutshipoutbox ...physicalpagesizes }
                                                  \endgroup 
l.130 \end{frame}
                 

] [8


pdfTeX warning (ext4): destination with the same identifier (name{Navigation7})
 has been already used, duplicate ignored

\pgfpages@shipoutshipoutbox ...physicalpagesizes }
                                                  \endgroup 
l.130 \end{frame}
                 
pdfTeX warning (ext4): destination with the same identifier (name{page.7}) has 
been already used, duplicate ignored

\pgfpages@shipoutshipoutbox ...physicalpagesizes }
                                                  \endgroup 
l.130 \end{frame}
                 

] [9


pdfTeX warning (ext4): destination with the same identifier (name{Navigation8})
 has been already used, duplicate ignored

\pgfpages@shipoutshipoutbox ...physicalpagesizes }
                                                  \endgroup 
l.130 \end{frame}
                 
pdfTeX warning (ext4): destination with the same identifier (name{page.8}) has 
been already used, duplicate ignored

\pgfpages@shipoutshipoutbox ...physicalpagesizes }
                                                  \endgroup 
l.130 \end{frame}
                 

] [10


pdfTeX warning (ext4): destination with the same identifier (name{Navigation9})
 has been already used, duplicate ignored

\pgfpages@shipoutshipoutbox ...physicalpagesizes }
                                                  \endgroup 
l.145 \end{frame}
                 
pdfTeX warning (ext4): destination with the same identifier (name{page.9}) has 
been already used, duplicate ignored

\pgfpages@shipoutshipoutbox ...physicalpagesizes }
                                                  \endgroup 
l.145 \end{frame}
                 

] [11


pdfTeX warning (ext4): destination with the same identifier (name{Navigation10}
) has been already used, duplicate ignored

\pgfpages@shipoutshipoutbox ...physicalpagesizes }
                                                  \endgroup 
l.145 \end{frame}
                 
pdfTeX warning (ext4): destination with the same identifier (name{page.10}) has
 been already used, duplicate ignored

\pgfpages@shipoutshipoutbox ...physicalpagesizes }
                                                  \endgroup 
l.145 \end{frame}
                 

] [12


pdfTeX warning (ext4): destination with the same identifier (name{Navigation11}
) has been already used, duplicate ignored

\pgfpages@shipoutshipoutbox ...physicalpagesizes }
                                                  \endgroup 
l.154 \end{frame}
                 
pdfTeX warning (ext4): destination with the same identifier (name{page.11}) has
 been already used, duplicate ignored

\pgfpages@shipoutshipoutbox ...physicalpagesizes }
                                                  \endgroup 
l.154 \end{frame}
                 

] [13


pdfTeX warning (ext4): destination with the same identifier (name{Navigation12}
) has been already used, duplicate ignored

\pgfpages@shipoutshipoutbox ...physicalpagesizes }
                                                  \endgroup 
l.169 \end{frame}
                 
pdfTeX warning (ext4): destination with the same identifier (name{page.12}) has
 been already used, duplicate ignored

\pgfpages@shipoutshipoutbox ...physicalpagesizes }
                                                  \endgroup 
l.169 \end{frame}
                 

] [14


pdfTeX warning (ext4): destination with the same identifier (name{Navigation13}
) has been already used, duplicate ignored

\pgfpages@shipoutshipoutbox ...physicalpagesizes }
                                                  \endgroup 
l.176 \end{frame}
                 
pdfTeX warning (ext4): destination with the same identifier (name{page.13}) has
 been already used, duplicate ignored

\pgfpages@shipoutshipoutbox ...physicalpagesizes }
                                                  \endgroup 
l.176 \end{frame}
                 

] [15


pdfTeX warning (ext4): destination with the same identifier (name{Navigation14}
) has been already used, duplicate ignored

\pgfpages@shipoutshipoutbox ...physicalpagesizes }
                                                  \endgroup 
l.185 \end{frame}
                 
pdfTeX warning (ext4): destination with the same identifier (name{page.14}) has
 been already used, duplicate ignored

\pgfpages@shipoutshipoutbox ...physicalpagesizes }
                                                  \endgroup 
l.185 \end{frame}
                 

] [16


pdfTeX warning (ext4): destination with the same identifier (name{Navigation15}
) has been already used, duplicate ignored

\pgfpages@shipoutshipoutbox ...physicalpagesizes }
                                                  \endgroup 
l.192 \end{frame}
                 
pdfTeX warning (ext4): destination with the same identifier (name{page.15}) has
 been already used, duplicate ignored

\pgfpages@shipoutshipoutbox ...physicalpagesizes }
                                                  \endgroup 
l.192 \end{frame}
                 

] [17


pdfTeX warning (ext4): destination with the same identifier (name{Navigation16}
) has been already used, duplicate ignored

\pgfpages@shipoutshipoutbox ...physicalpagesizes }
                                                  \endgroup 
l.211 \end{frame}
                 
pdfTeX warning (ext4): destination with the same identifier (name{page.16}) has
 been already used, duplicate ignored

\pgfpages@shipoutshipoutbox ...physicalpagesizes }
                                                  \endgroup 
l.211 \end{frame}
                 

]
Overfull \hbox (21.90005pt too wide) in paragraph at lines 237--237
[]  
 []

[18


pdfTeX warning (ext4): destination with the same identifier (name{Navigation17}
) has been already used, duplicate ignored

\pgfpages@shipoutshipoutbox ...physicalpagesizes }
                                                  \endgroup 
l.237 \end{frame}
                 
pdfTeX warning (ext4): destination with the same identifier (name{page.17}) has
 been already used, duplicate ignored

\pgfpages@shipoutshipoutbox ...physicalpagesizes }
                                                  \endgroup 
l.237 \end{frame}
                 

]
\openout4 = `slides.vrb'.

 (slides.vrb
Overfull \hbox (12.48839pt too wide) in paragraph at lines 8--9
[][][][][][][][][][][][] 
 []

) [19


pdfTeX warning (ext4): destination with the same identifier (name{Navigation18}
) has been already used, duplicate ignored

\pgfpages@shipoutshipoutbox ...physicalpagesizes }
                                                  \endgroup 
l.251 \end{frame}
                 
pdfTeX warning (ext4): destination with the same identifier (name{page.18}) has
 been already used, duplicate ignored

\pgfpages@shipoutshipoutbox ...physicalpagesizes }
                                                  \endgroup 
l.251 \end{frame}
                 

] [20


pdfTeX warning (ext4): destination with the same identifier (name{Navigation19}
) has been already used, duplicate ignored

\pgfpages@shipoutshipoutbox ...physicalpagesizes }
                                                  \endgroup 
l.258 \end{frame}
                 
pdfTeX warning (ext4): destination with the same identifier (name{page.19}) has
 been already used, duplicate ignored

\pgfpages@shipoutshipoutbox ...physicalpagesizes }
                                                  \endgroup 
l.258 \end{frame}
                 

] [21


pdfTeX warning (ext4): destination with the same identifier (name{Navigation20}
) has been already used, duplicate ignored

\pgfpages@shipoutshipoutbox ...physicalpagesizes }
                                                  \endgroup 
l.276 \end{frame}
                 
pdfTeX warning (ext4): destination with the same identifier (name{page.20}) has
 been already used, duplicate ignored

\pgfpages@shipoutshipoutbox ...physicalpagesizes }
                                                  \endgroup 
l.276 \end{frame}
                 

]
File: figs//logo-urjc.jpg Graphic file (type jpg)
<use figs//logo-urjc.jpg>
Package pdftex.def Info: figs//logo-urjc.jpg  used on input line 282.
(pdftex.def)             Requested size: 85.35826pt x 34.20592pt.
 [22


pdfTeX warning (ext4): destination with the same identifier (name{Navigation21}
) has been already used, duplicate ignored

\pgfpages@shipoutshipoutbox ...physicalpagesizes }
                                                  \endgroup 
l.282 \end{frame}
                 
pdfTeX warning (ext4): destination with the same identifier (name{page.21}) has
 been already used, duplicate ignored

\pgfpages@shipoutshipoutbox ...physicalpagesizes }
                                                  \endgroup 
l.282 \end{frame}
                 

]
\tf@nav=\write6
\openout6 = `slides.nav'.

\tf@toc=\write7
\openout7 = `slides.toc'.

\tf@snm=\write8
\openout8 = `slides.snm'.

 [23


pdfTeX warning (ext4): destination with the same identifier (name{Navigation22}
) has been already used, duplicate ignored

\pgfpages@shipoutshipoutbox ...physicalpagesizes }
                                                  \endgroup 
l.284 \end{document}
                    
pdfTeX warning (ext4): destination with the same identifier (name{page.22}) has
 been already used, duplicate ignored

\pgfpages@shipoutshipoutbox ...physicalpagesizes }
                                                  \endgroup 
l.284 \end{document}
                    

] (slides.aux
LaTeX Info: Redefining \. on input line 26.
LaTeX Info: Redefining \% on input line 26.
)
Package rerunfilecheck Info: File `slides.out' has not changed.
(rerunfilecheck)             Checksum: C8B7709E228AB3CF6EFCE683235E20D0;1558.
 ) 
Here is how much of TeX's memory you used:
 27011 strings out of 478582
 528210 string characters out of 2838209
 786362 words of memory out of 3000000
 44568 multiletter control sequences out of 15000+600000
 480283 words of font info for 66 fonts, out of 8000000 for 9000
 1141 hyphenation exceptions out of 8191
 128i,16n,122p,433b,1048s stack positions out of 10000i,1000n,20000p,200000b,80000s
<C:/Users/eva.garcia.domingo/AppData/Local/Programs/MiKTeX/fonts/type1/public
/amsfonts/cm/cmex10.pfb><C:/Users/eva.garcia.domingo/AppData/Local/Programs/MiK
TeX/fonts/type1/public/amsfonts/cm/cmmi10.pfb><C:/Users/eva.garcia.domingo/AppD
ata/Local/Programs/MiKTeX/fonts/type1/public/amsfonts/cm/cmss10.pfb><C:/Users/e
va.garcia.domingo/AppData/Local/Programs/MiKTeX/fonts/type1/public/amsfonts/cm/
cmss12.pfb><C:/Users/eva.garcia.domingo/AppData/Local/Programs/MiKTeX/fonts/typ
e1/public/amsfonts/cm/cmss8.pfb><C:/Users/eva.garcia.domingo/AppData/Local/Prog
rams/MiKTeX/fonts/type1/public/amsfonts/cm/cmss9.pfb><C:/Users/eva.garcia.domin
go/AppData/Local/Programs/MiKTeX/fonts/type1/public/amsfonts/cm/cmssbx10.pfb><C
:/Users/eva.garcia.domingo/AppData/Local/Programs/MiKTeX/fonts/type1/public/ams
fonts/cm/cmssi10.pfb><C:/Users/eva.garcia.domingo/AppData/Local/Programs/MiKTeX
/fonts/type1/public/amsfonts/cm/cmssi17.pfb><C:/Users/eva.garcia.domingo/AppDat
a/Local/Programs/MiKTeX/fonts/type1/public/amsfonts/cm/cmssi8.pfb><C:/Users/eva
.garcia.domingo/AppData/Local/Programs/MiKTeX/fonts/type1/public/amsfonts/cm/cm
sy10.pfb><C:/Users/eva.garcia.domingo/AppData/Local/Programs/MiKTeX/fonts/type1
/public/amsfonts/symbols/msam7.pfb>
Output written on slides.pdf (22 pages, 273467 bytes).
PDF statistics:
 339 PDF objects out of 1000 (max. 8388607)
 58 named destinations out of 1000 (max. 500000)
 293 words of extra memory for PDF output out of 10000 (max. 10000000)

